<?xml version="1.0" encoding="UTF-8"?>
<!-- Generated by org.testng.reporters.JUnitReportReporter -->
<testsuite ignored="0" hostname="DESKTOP-H4IH0R6" failures="0" tests="4" name="org.hposadas.Books" time="24.965" errors="0" timestamp="18 jun 2023 17:36:53 GMT" skipped="0">
  <testcase classname="org.hposadas.Books" name="booksSchemaIsValid" time="18.877"/>
  <testcase classname="org.hposadas.Books" name="deleteNonExistingBook_FailMessage" time="0.267"/>
  <testcase classname="org.hposadas.Books" name="createAndDeleteBook" time="5.200"/>
  <testcase classname="org.hposadas.Books" name="getBooksList" time="0.621"/>
</testsuite> <!-- org.hposadas.Books -->
